<?xml version="1.0" encoding="UTF-8"?>
<testng-results ignored="0" total="4" passed="4" failed="0" skipped="0">
  <reporter-output>
  </reporter-output>
  <suite started-at="2018-07-30T05:24:37Z" name="Default suite" finished-at="2018-07-30T05:24:38Z" duration-ms="1174">
    <groups>
    </groups>
    <test started-at="2018-07-30T05:24:37Z" name="Default test" finished-at="2018-07-30T05:24:38Z" duration-ms="1174">
      <class name="testclasses.CalculationTestPrioritySet">
        <test-method is-config="true" signature="SetupReport()[pri:0, instance:testclasses.CalculationTestPrioritySet@49e5f737]" started-at="2018-07-30T05:24:37Z" name="SetupReport" finished-at="2018-07-30T05:24:38Z" duration-ms="664" status="PASS">
          <reporter-output>
          </reporter-output>
        </test-method> <!-- SetupReport -->
        <test-method signature="TestSum()[pri:1, instance:testclasses.CalculationTestPrioritySet@49e5f737]" started-at="2018-07-30T05:24:38Z" name="TestSum" finished-at="2018-07-30T05:24:38Z" duration-ms="25" status="PASS">
          <reporter-output>
          </reporter-output>
        </test-method> <!-- TestSum -->
        <test-method signature="TestSubstract()[pri:2, instance:testclasses.CalculationTestPrioritySet@49e5f737]" started-at="2018-07-30T05:24:38Z" name="TestSubstract" finished-at="2018-07-30T05:24:38Z" duration-ms="2" status="PASS">
          <reporter-output>
          </reporter-output>
        </test-method> <!-- TestSubstract -->
        <test-method signature="TestMultiply()[pri:3, instance:testclasses.CalculationTestPrioritySet@49e5f737]" started-at="2018-07-30T05:24:38Z" name="TestMultiply" finished-at="2018-07-30T05:24:38Z" duration-ms="2" status="PASS">
          <reporter-output>
          </reporter-output>
        </test-method> <!-- TestMultiply -->
        <test-method signature="TestDevision()[pri:4, instance:testclasses.CalculationTestPrioritySet@49e5f737]" started-at="2018-07-30T05:24:38Z" name="TestDevision" finished-at="2018-07-30T05:24:38Z" duration-ms="3" status="PASS">
          <reporter-output>
          </reporter-output>
        </test-method> <!-- TestDevision -->
        <test-method is-config="true" signature="TearDownClass()[pri:0, instance:testclasses.CalculationTestPrioritySet@49e5f737]" started-at="2018-07-30T05:24:38Z" name="TearDownClass" finished-at="2018-07-30T05:24:38Z" duration-ms="445" status="PASS">
          <reporter-output>
          </reporter-output>
        </test-method> <!-- TearDownClass -->
      </class> <!-- testclasses.CalculationTestPrioritySet -->
    </test> <!-- Default test -->
  </suite> <!-- Default suite -->
</testng-results>
