<?xml version="1.0" encoding="UTF-8"?>
<!-- Generated by org.testng.reporters.JUnitXMLReporter -->
<testsuite ignored="0" hostname="ODA-L-011" failures="0" tests="4" name="Default test" time="1.174" errors="0" timestamp="30 Jul 2018 05:24:38 GMT">
  <testcase classname="testclasses.CalculationTestPrioritySet" name="TestSum" time="0.025"/>
  <testcase classname="testclasses.CalculationTestPrioritySet" name="TestSubstract" time="0.002"/>
  <testcase classname="testclasses.CalculationTestPrioritySet" name="TestMultiply" time="0.002"/>
  <testcase classname="testclasses.CalculationTestPrioritySet" name="TestDevision" time="0.003"/>
</testsuite> <!-- Default test -->
