<?xml version="1.0" encoding="UTF-8"?>
<!-- Generated by org.testng.reporters.JUnitXMLReporter -->
<testsuite ignored="1" hostname="ODA-L-011" failures="0" tests="1" name="ParallelParam1" time="57.527" errors="0" timestamp="29 Jul 2018 20:25:49 GMT">
  <testcase classname="testclasses.BrowserTestPOM" name="CartTest" time="35.887"/>
  <testcase classname="testclasses.BrowserTestPOM" name="LoginTestExtended" time="0.0">
    <ignored/>
  </testcase> <!-- LoginTestExtended -->
</testsuite> <!-- ParallelParam1 -->
