<?xml version="1.0" encoding="UTF-8"?>
<testng-results ignored="0" total="1" passed="1" failed="0" skipped="0">
  <reporter-output>
  </reporter-output>
  <suite started-at="2018-07-31T06:27:16Z" name="Suite" finished-at="2018-07-31T06:27:46Z" duration-ms="30073">
    <groups>
    </groups>
    <test started-at="2018-07-31T06:27:16Z" name="Test" finished-at="2018-07-31T06:27:46Z" duration-ms="30073">
      <class name="com.horizonhobby.ecom.TestProductSearch">
        <test-method is-config="true" signature="SetUp()[pri:0, instance:com.horizonhobby.ecom.TestProductSearch@61d6015a]" started-at="2018-07-31T06:27:16Z" name="SetUp" finished-at="2018-07-31T06:27:31Z" duration-ms="14364" status="PASS">
          <reporter-output>
          </reporter-output>
        </test-method> <!-- SetUp -->
        <test-method signature="Search()[pri:0, instance:com.horizonhobby.ecom.TestProductSearch@61d6015a]" started-at="2018-07-31T06:27:31Z" name="Search" finished-at="2018-07-31T06:27:45Z" duration-ms="14170" status="PASS">
          <reporter-output>
          </reporter-output>
        </test-method> <!-- Search -->
        <test-method is-config="true" signature="TearDown()[pri:0, instance:com.horizonhobby.ecom.TestProductSearch@61d6015a]" started-at="2018-07-31T06:27:45Z" name="TearDown" finished-at="2018-07-31T06:27:46Z" duration-ms="1503" status="PASS">
          <reporter-output>
          </reporter-output>
        </test-method> <!-- TearDown -->
      </class> <!-- com.horizonhobby.ecom.TestProductSearch -->
    </test> <!-- Test -->
  </suite> <!-- Suite -->
</testng-results>
