<?xml version="1.0" encoding="UTF-8"?>
<!-- Generated by org.testng.reporters.JUnitXMLReporter -->
<testsuite ignored="0" hostname="ODA-L-011" failures="2" tests="5" name="AppTest" time="0.073" errors="0" timestamp="29 Jul 2018 01:53:25 GMT">
  <testcase classname="base.BaseTest" name="@BeforeTest SetUp" time="0.004">
    <failure type="java.lang.NullPointerException">
      <![CDATA[java.lang.NullPointerException
at java.base/java.io.FileInputStream.<init>(FileInputStream.java:150)
at java.base/java.io.FileInputStream.<init>(FileInputStream.java:113)
at base.BaseTest.SetUp(BaseTest.java:38)
... Removed 24 stack frames]]>
    </failure>
  </testcase> <!-- @BeforeTest SetUp -->
  <testcase classname="base.BaseTest" name="@AfterTest TearDown" time="0.0">
    <skipped/>
  </testcase> <!-- @AfterTest TearDown -->
  <testcase classname="testclasses.CalculationTest" name="@AfterTest TearDown" time="0.0">
    <skipped/>
  </testcase> <!-- @AfterTest TearDown -->
  <testcase classname="testclasses.CalculationTest" name="TestDevision" time="0.005">
    <failure type="java.lang.AssertionError" message="expected [1] but found [2]">
      <![CDATA[java.lang.AssertionError: expected [1] but found [2]
at testclasses.CalculationTest.TestDevision(CalculationTest.java:77)
... Removed 31 stack frames]]>
    </failure>
  </testcase> <!-- TestDevision -->
  <testcase classname="testclasses.CalculationTest" name="TestMultiply" time="0.003"/>
  <testcase classname="testclasses.CalculationTest" name="TestSubstract" time="0.002">
    <failure type="java.lang.AssertionError" message="expected [2] but found [1]">
      <![CDATA[java.lang.AssertionError: expected [2] but found [1]
at testclasses.CalculationTest.TestSubstract(CalculationTest.java:58)
... Removed 31 stack frames]]>
    </failure>
  </testcase> <!-- TestSubstract -->
  <testcase classname="testclasses.CalculationTest" name="TestSum" time="0.002"/>
  <testcase classname="testclasses.LoginFeatureTest" name="LoginTestExtended" time="0.0">
    <skipped/>
  </testcase> <!-- LoginTestExtended -->
</testsuite> <!-- AppTest -->
