<?xml version="1.0" encoding="UTF-8"?>
<!-- Generated by org.testng.reporters.JUnitXMLReporter -->
<testsuite ignored="0" hostname="ODA-L-011" failures="0" tests="7" name="ParallelParam2" time="35.528" errors="0" timestamp="29 Jul 2018 20:25:27 GMT">
  <testcase classname="testclasses.LoginFeatureTest" name="LoginDataProvider" time="5.104"/>
  <testcase classname="testclasses.LoginFeatureTest" name="LoginDataProvider" time="3.06"/>
  <testcase classname="testclasses.LoginFeatureTest" name="LoginDataProvider" time="5.666"/>
  <testcase classname="testclasses.CalculationTestPrioritySet" name="TestSum" time="0.003"/>
  <testcase classname="testclasses.CalculationTestPrioritySet" name="TestSubstract" time="0.004"/>
  <testcase classname="testclasses.CalculationTestPrioritySet" name="TestMultiply" time="0.002"/>
  <testcase classname="testclasses.CalculationTestPrioritySet" name="TestDevision" time="0.001"/>
</testsuite> <!-- ParallelParam2 -->
